#! /usr/local/Cellar/icarus-verilog/11.0/bin/vvp
:ivl_version "11.0 (stable)";
:ivl_delay_selection "TYPICAL";
:vpi_time_precision - 12;
:vpi_module "/usr/local/Cellar/icarus-verilog/11.0/lib/ivl/system.vpi";
:vpi_module "/usr/local/Cellar/icarus-verilog/11.0/lib/ivl/vhdl_sys.vpi";
:vpi_module "/usr/local/Cellar/icarus-verilog/11.0/lib/ivl/vhdl_textio.vpi";
:vpi_module "/usr/local/Cellar/icarus-verilog/11.0/lib/ivl/v2005_math.vpi";
:vpi_module "/usr/local/Cellar/icarus-verilog/11.0/lib/ivl/va_math.vpi";
S_0x7f941e427cf0 .scope module, "registers_with_shift" "registers_with_shift" 2 3;
 .timescale -9 -12;
    .port_info 0 /INPUT 1 "clk";
    .port_info 1 /INPUT 1 "reset";
    .port_info 2 /INPUT 1 "shift_up";
    .port_info 3 /INPUT 1 "shift_left";
    .port_info 4 /INPUT 1 "load_all";
    .port_info 5 /INPUT 1 "load_block";
    .port_info 6 /INPUT 1 "load_single";
    .port_info 7 /INPUT 2 "input_block_i";
    .port_info 8 /INPUT 2 "input_block_j";
    .port_info 9 /INPUT 128 "input_block";
    .port_info 10 /INPUT 2 "input_single_i";
    .port_info 11 /INPUT 2 "input_single_j";
    .port_info 12 /INPUT 32 "input_single";
    .port_info 13 /INPUT 512 "input_matrix";
    .port_info 14 /OUTPUT 512 "matrix";
P_0x7f941e40b150 .param/l "K" 0 2 4, +C4<00000000000000000000000000000010>;
P_0x7f941e40b190 .param/l "N" 0 2 4, +C4<00000000000000000000000000000100>;
P_0x7f941e40b1d0 .param/l "WIDTH" 0 2 4, +C4<00000000000000000000000000000010>;
o0x7f941e632008 .functor BUFZ 1, C4<z>; HiZ drive
v0x7f941e437c10_0 .net "clk", 0 0, o0x7f941e632008;  0 drivers
o0x7f941e632038 .functor BUFZ 128, C4<zzzzzzzzzzzzzzzzzzzzzzzzzzzzzzzzzzzzzzzzzzzzzzzzzzzzzzzzzzzzzzzzzzzzzzzzzzzzzzzzzzzzzzzzzzzzzzzzzzzzzzzzzzzzzzzzzzzzzzzzzzzzzzzz>; HiZ drive
v0x7f941e447610_0 .net "input_block", 127 0, o0x7f941e632038;  0 drivers
o0x7f941e632068 .functor BUFZ 2, C4<zz>; HiZ drive
v0x7f941e4476e0_0 .net "input_block_i", 1 0, o0x7f941e632068;  0 drivers
o0x7f941e632098 .functor BUFZ 2, C4<zz>; HiZ drive
v0x7f941e4477a0_0 .net "input_block_j", 1 0, o0x7f941e632098;  0 drivers
o0x7f941e6320c8 .functor BUFZ 512, C4<zzzzzzzzzzzzzzzzzzzzzzzzzzzzzzzzzzzzzzzzzzzzzzzzzzzzzzzzzzzzzzzzzzzzzzzzzzzzzzzzzzzzzzzzzzzzzzzzzzzzzzzzzzzzzzzzzzzzzzzzzzzzzzzzzzzzzzzzzzzzzzzzzzzzzzzzzzzzzzzzzzzzzzzzzzzzzzzzzzzzzzzzzzzzzzzzzzzzzzzzzzzzzzzzzzzzzzzzzzzzzzzzzzzzzzzzzzzzzzzzzzzzzzzzzzzzzzzzzzzzzzzzzzzzzzzzzzzzzzzzzzzzzzzzzzzzzzzzzzzzzzzzzzzzzzzzzzzzzzzzzzzzzzzzzzzzzzzzzzzzzzzzzzzzzzzzzzzzzzzzzzzzzzzzzzzzzzzzzzzzzzzzzzzzzzzzzzzzzzzzzzzzzzzzzzzzzzzzzzzzzzzzzzzzzzzzzzzzzzzzzzzzzzzzzzzzzzzzzzzzzzzzzzzzzzzzzzzzzzzzzzzzzzzzzzzzzzzzzzzzzzzzzzzzzzzz>; HiZ drive
v0x7f941e447850_0 .net "input_matrix", 511 0, o0x7f941e6320c8;  0 drivers
o0x7f941e6320f8 .functor BUFZ 32, C4<zzzzzzzzzzzzzzzzzzzzzzzzzzzzzzzz>; HiZ drive
v0x7f941e447980_0 .net "input_single", 31 0, o0x7f941e6320f8;  0 drivers
o0x7f941e632128 .functor BUFZ 2, C4<zz>; HiZ drive
v0x7f941e447a30_0 .net "input_single_i", 1 0, o0x7f941e632128;  0 drivers
o0x7f941e632158 .functor BUFZ 2, C4<zz>; HiZ drive
v0x7f941e447ae0_0 .net "input_single_j", 1 0, o0x7f941e632158;  0 drivers
o0x7f941e632188 .functor BUFZ 1, C4<z>; HiZ drive
v0x7f941e447b90_0 .net "load_all", 0 0, o0x7f941e632188;  0 drivers
o0x7f941e6321b8 .functor BUFZ 1, C4<z>; HiZ drive
v0x7f941e447ca0_0 .net "load_block", 0 0, o0x7f941e6321b8;  0 drivers
o0x7f941e6321e8 .functor BUFZ 1, C4<z>; HiZ drive
v0x7f941e447d30_0 .net "load_single", 0 0, o0x7f941e6321e8;  0 drivers
v0x7f941e447dd0_0 .var "matrix", 511 0;
o0x7f941e632248 .functor BUFZ 1, C4<z>; HiZ drive
v0x7f941e447ec0_0 .net "reset", 0 0, o0x7f941e632248;  0 drivers
o0x7f941e632278 .functor BUFZ 1, C4<z>; HiZ drive
v0x7f941e447f60_0 .net "shift_left", 0 0, o0x7f941e632278;  0 drivers
o0x7f941e6322a8 .functor BUFZ 1, C4<z>; HiZ drive
v0x7f941e448000_0 .net "shift_up", 0 0, o0x7f941e6322a8;  0 drivers
S_0x7f941e418db0 .scope generate, "genblk1[0]" "genblk1[0]" 2 18, 2 18 0, S_0x7f941e427cf0;
 .timescale -9 -12;
P_0x7f941e425a00 .param/l "i1" 0 2 18, +C4<00>;
S_0x7f941e434e10 .scope generate, "genblk2[0]" "genblk2[0]" 2 19, 2 19 0, S_0x7f941e418db0;
 .timescale -9 -12;
P_0x7f941e41f300 .param/l "j1" 0 2 19, +C4<00>;
S_0x7f941e434f80 .scope generate, "genblk3[0]" "genblk3[0]" 2 20, 2 20 0, S_0x7f941e434e10;
 .timescale -9 -12;
P_0x7f941e418cc0 .param/l "i2" 0 2 20, +C4<00>;
S_0x7f941e4350f0 .scope generate, "genblk4[0]" "genblk4[0]" 2 21, 2 21 0, S_0x7f941e434f80;
 .timescale -9 -12;
P_0x7f941e409a50 .param/l "j2" 0 2 21, +C4<00>;
E_0x7f941e432130/0 .event negedge, v0x7f941e447ec0_0;
E_0x7f941e432130/1 .event posedge, v0x7f941e437c10_0;
E_0x7f941e432130 .event/or E_0x7f941e432130/0, E_0x7f941e432130/1;
S_0x7f941e435260 .scope generate, "genblk4[1]" "genblk4[1]" 2 21, 2 21 0, S_0x7f941e434f80;
 .timescale -9 -12;
P_0x7f941e408f60 .param/l "j2" 0 2 21, +C4<01>;
S_0x7f941e4353d0 .scope generate, "genblk3[1]" "genblk3[1]" 2 20, 2 20 0, S_0x7f941e434e10;
 .timescale -9 -12;
P_0x7f941e409720 .param/l "i2" 0 2 20, +C4<01>;
S_0x7f941e435540 .scope generate, "genblk4[0]" "genblk4[0]" 2 21, 2 21 0, S_0x7f941e4353d0;
 .timescale -9 -12;
P_0x7f941e4088b0 .param/l "j2" 0 2 21, +C4<00>;
S_0x7f941e4356b0 .scope generate, "genblk4[1]" "genblk4[1]" 2 21, 2 21 0, S_0x7f941e4353d0;
 .timescale -9 -12;
P_0x7f941e4075b0 .param/l "j2" 0 2 21, +C4<01>;
S_0x7f941e435820 .scope generate, "genblk2[1]" "genblk2[1]" 2 19, 2 19 0, S_0x7f941e418db0;
 .timescale -9 -12;
P_0x7f941e4071a0 .param/l "j1" 0 2 19, +C4<01>;
S_0x7f941e435990 .scope generate, "genblk3[0]" "genblk3[0]" 2 20, 2 20 0, S_0x7f941e435820;
 .timescale -9 -12;
P_0x7f941e407080 .param/l "i2" 0 2 20, +C4<00>;
S_0x7f941e435b00 .scope generate, "genblk4[0]" "genblk4[0]" 2 21, 2 21 0, S_0x7f941e435990;
 .timescale -9 -12;
P_0x7f941e432960 .param/l "j2" 0 2 21, +C4<00>;
S_0x7f941e435c70 .scope generate, "genblk4[1]" "genblk4[1]" 2 21, 2 21 0, S_0x7f941e435990;
 .timescale -9 -12;
P_0x7f941e42e440 .param/l "j2" 0 2 21, +C4<01>;
S_0x7f941e435de0 .scope generate, "genblk3[1]" "genblk3[1]" 2 20, 2 20 0, S_0x7f941e435820;
 .timescale -9 -12;
P_0x7f941e42e5c0 .param/l "i2" 0 2 20, +C4<01>;
S_0x7f941e435f50 .scope generate, "genblk4[0]" "genblk4[0]" 2 21, 2 21 0, S_0x7f941e435de0;
 .timescale -9 -12;
P_0x7f941e41d330 .param/l "j2" 0 2 21, +C4<00>;
S_0x7f941e4360c0 .scope generate, "genblk4[1]" "genblk4[1]" 2 21, 2 21 0, S_0x7f941e435de0;
 .timescale -9 -12;
P_0x7f941e4165a0 .param/l "j2" 0 2 21, +C4<01>;
S_0x7f941e436230 .scope generate, "genblk1[1]" "genblk1[1]" 2 18, 2 18 0, S_0x7f941e427cf0;
 .timescale -9 -12;
P_0x7f941e430640 .param/l "i1" 0 2 18, +C4<01>;
S_0x7f941e4363a0 .scope generate, "genblk2[0]" "genblk2[0]" 2 19, 2 19 0, S_0x7f941e436230;
 .timescale -9 -12;
P_0x7f941e430710 .param/l "j1" 0 2 19, +C4<00>;
S_0x7f941e436510 .scope generate, "genblk3[0]" "genblk3[0]" 2 20, 2 20 0, S_0x7f941e4363a0;
 .timescale -9 -12;
P_0x7f941e42c230 .param/l "i2" 0 2 20, +C4<00>;
S_0x7f941e436680 .scope generate, "genblk4[0]" "genblk4[0]" 2 21, 2 21 0, S_0x7f941e436510;
 .timescale -9 -12;
P_0x7f941e429fd0 .param/l "j2" 0 2 21, +C4<00>;
S_0x7f941e4367f0 .scope generate, "genblk4[1]" "genblk4[1]" 2 21, 2 21 0, S_0x7f941e436510;
 .timescale -9 -12;
P_0x7f941e425af0 .param/l "j2" 0 2 21, +C4<01>;
S_0x7f941e436960 .scope generate, "genblk3[1]" "genblk3[1]" 2 20, 2 20 0, S_0x7f941e4363a0;
 .timescale -9 -12;
P_0x7f941e425bc0 .param/l "i2" 0 2 20, +C4<01>;
S_0x7f941e436ad0 .scope generate, "genblk4[0]" "genblk4[0]" 2 21, 2 21 0, S_0x7f941e436960;
 .timescale -9 -12;
P_0x7f941e423900 .param/l "j2" 0 2 21, +C4<00>;
S_0x7f941e436c40 .scope generate, "genblk4[1]" "genblk4[1]" 2 21, 2 21 0, S_0x7f941e436960;
 .timescale -9 -12;
P_0x7f941e4216c0 .param/l "j2" 0 2 21, +C4<01>;
S_0x7f941e436db0 .scope generate, "genblk2[1]" "genblk2[1]" 2 19, 2 19 0, S_0x7f941e436230;
 .timescale -9 -12;
P_0x7f941e41f3f0 .param/l "j1" 0 2 19, +C4<01>;
S_0x7f941e436f20 .scope generate, "genblk3[0]" "genblk3[0]" 2 20, 2 20 0, S_0x7f941e436db0;
 .timescale -9 -12;
P_0x7f941e41f4c0 .param/l "i2" 0 2 20, +C4<00>;
S_0x7f941e4370d0 .scope generate, "genblk4[0]" "genblk4[0]" 2 21, 2 21 0, S_0x7f941e436f20;
 .timescale -9 -12;
P_0x7f941e437290 .param/l "j2" 0 2 21, +C4<00>;
S_0x7f941e437310 .scope generate, "genblk4[1]" "genblk4[1]" 2 21, 2 21 0, S_0x7f941e436f20;
 .timescale -9 -12;
P_0x7f941e4374d0 .param/l "j2" 0 2 21, +C4<01>;
S_0x7f941e437550 .scope generate, "genblk3[1]" "genblk3[1]" 2 20, 2 20 0, S_0x7f941e436db0;
 .timescale -9 -12;
P_0x7f941e437710 .param/l "i2" 0 2 20, +C4<01>;
S_0x7f941e437790 .scope generate, "genblk4[0]" "genblk4[0]" 2 21, 2 21 0, S_0x7f941e437550;
 .timescale -9 -12;
P_0x7f941e437950 .param/l "j2" 0 2 21, +C4<00>;
S_0x7f941e4379d0 .scope generate, "genblk4[1]" "genblk4[1]" 2 21, 2 21 0, S_0x7f941e437550;
 .timescale -9 -12;
P_0x7f941e437b90 .param/l "j2" 0 2 21, +C4<01>;
    .scope S_0x7f941e4350f0;
T_0 ;
    %pushi/vec4 0, 0, 32;
    %ix/load 4, 0, 0;
    %ix/load 5, 0, 0;
    %flag_set/imm 4, 0;
    %assign/vec4/off/d v0x7f941e447dd0_0, 4, 5;
    %end;
    .thread T_0;
    .scope S_0x7f941e4350f0;
T_1 ;
    %wait E_0x7f941e432130;
    %load/vec4 v0x7f941e447ec0_0;
    %nor/r;
    %flag_set/vec4 8;
    %jmp/0xz  T_1.0, 8;
    %pushi/vec4 0, 0, 32;
    %ix/load 4, 0, 0;
    %ix/load 5, 0, 0;
    %flag_set/imm 4, 0;
    %assign/vec4/off/d v0x7f941e447dd0_0, 4, 5;
    %jmp T_1.1;
T_1.0 ;
    %load/vec4 v0x7f941e447b90_0;
    %flag_set/vec4 8;
    %jmp/0xz  T_1.2, 8;
    %load/vec4 v0x7f941e447850_0;
    %parti/s 32, 0, 2;
    %ix/load 4, 0, 0;
    %ix/load 5, 0, 0;
    %flag_set/imm 4, 0;
    %assign/vec4/off/d v0x7f941e447dd0_0, 4, 5;
    %jmp T_1.3;
T_1.2 ;
    %load/vec4 v0x7f941e447ca0_0;
    %flag_set/vec4 8;
    %jmp/0xz  T_1.4, 8;
    %load/vec4 v0x7f941e4476e0_0;
    %pad/u 3;
    %pushi/vec4 0, 0, 3;
    %cmp/e;
    %flag_get/vec4 4;
    %load/vec4 v0x7f941e4477a0_0;
    %pad/u 3;
    %pushi/vec4 0, 0, 3;
    %cmp/e;
    %flag_get/vec4 4;
    %and;
    %flag_set/vec4 8;
    %jmp/0xz  T_1.6, 8;
    %load/vec4 v0x7f941e447610_0;
    %parti/s 32, 0, 2;
    %ix/load 4, 0, 0;
    %ix/load 5, 0, 0;
    %flag_set/imm 4, 0;
    %assign/vec4/off/d v0x7f941e447dd0_0, 4, 5;
T_1.6 ;
    %jmp T_1.5;
T_1.4 ;
    %load/vec4 v0x7f941e447d30_0;
    %flag_set/vec4 8;
    %jmp/0xz  T_1.8, 8;
    %load/vec4 v0x7f941e4476e0_0;
    %pad/u 3;
    %pushi/vec4 0, 0, 3;
    %cmp/e;
    %flag_get/vec4 4;
    %load/vec4 v0x7f941e4477a0_0;
    %pad/u 3;
    %pushi/vec4 0, 0, 3;
    %cmp/e;
    %flag_get/vec4 4;
    %and;
    %load/vec4 v0x7f941e447a30_0;
    %pad/u 3;
    %pushi/vec4 0, 0, 3;
    %cmp/e;
    %flag_get/vec4 4;
    %and;
    %load/vec4 v0x7f941e447ae0_0;
    %pad/u 3;
    %pushi/vec4 0, 0, 3;
    %cmp/e;
    %flag_get/vec4 4;
    %and;
    %flag_set/vec4 8;
    %jmp/0xz  T_1.10, 8;
    %load/vec4 v0x7f941e447980_0;
    %ix/load 4, 0, 0;
    %ix/load 5, 0, 0;
    %flag_set/imm 4, 0;
    %assign/vec4/off/d v0x7f941e447dd0_0, 4, 5;
T_1.10 ;
    %jmp T_1.9;
T_1.8 ;
    %load/vec4 v0x7f941e447f60_0;
    %flag_set/vec4 8;
    %jmp/0xz  T_1.12, 8;
    %load/vec4 v0x7f941e447dd0_0;
    %parti/s 32, 128, 9;
    %ix/load 4, 0, 0;
    %ix/load 5, 0, 0;
    %flag_set/imm 4, 0;
    %assign/vec4/off/d v0x7f941e447dd0_0, 4, 5;
    %jmp T_1.13;
T_1.12 ;
    %load/vec4 v0x7f941e448000_0;
    %flag_set/vec4 8;
    %jmp/0xz  T_1.14, 8;
    %load/vec4 v0x7f941e447dd0_0;
    %parti/s 32, 256, 10;
    %ix/load 4, 0, 0;
    %ix/load 5, 0, 0;
    %flag_set/imm 4, 0;
    %assign/vec4/off/d v0x7f941e447dd0_0, 4, 5;
T_1.14 ;
T_1.13 ;
T_1.9 ;
T_1.5 ;
T_1.3 ;
T_1.1 ;
    %jmp T_1;
    .thread T_1;
    .scope S_0x7f941e435260;
T_2 ;
    %pushi/vec4 0, 0, 32;
    %ix/load 4, 32, 0;
    %ix/load 5, 0, 0;
    %flag_set/imm 4, 0;
    %assign/vec4/off/d v0x7f941e447dd0_0, 4, 5;
    %end;
    .thread T_2;
    .scope S_0x7f941e435260;
T_3 ;
    %wait E_0x7f941e432130;
    %load/vec4 v0x7f941e447ec0_0;
    %nor/r;
    %flag_set/vec4 8;
    %jmp/0xz  T_3.0, 8;
    %pushi/vec4 0, 0, 32;
    %ix/load 4, 32, 0;
    %ix/load 5, 0, 0;
    %flag_set/imm 4, 0;
    %assign/vec4/off/d v0x7f941e447dd0_0, 4, 5;
    %jmp T_3.1;
T_3.0 ;
    %load/vec4 v0x7f941e447b90_0;
    %flag_set/vec4 8;
    %jmp/0xz  T_3.2, 8;
    %load/vec4 v0x7f941e447850_0;
    %parti/s 32, 32, 7;
    %ix/load 4, 32, 0;
    %ix/load 5, 0, 0;
    %flag_set/imm 4, 0;
    %assign/vec4/off/d v0x7f941e447dd0_0, 4, 5;
    %jmp T_3.3;
T_3.2 ;
    %load/vec4 v0x7f941e447ca0_0;
    %flag_set/vec4 8;
    %jmp/0xz  T_3.4, 8;
    %load/vec4 v0x7f941e4476e0_0;
    %pad/u 3;
    %pushi/vec4 0, 0, 3;
    %cmp/e;
    %flag_get/vec4 4;
    %load/vec4 v0x7f941e4477a0_0;
    %pad/u 3;
    %pushi/vec4 0, 0, 3;
    %cmp/e;
    %flag_get/vec4 4;
    %and;
    %flag_set/vec4 8;
    %jmp/0xz  T_3.6, 8;
    %load/vec4 v0x7f941e447610_0;
    %parti/s 32, 32, 7;
    %ix/load 4, 32, 0;
    %ix/load 5, 0, 0;
    %flag_set/imm 4, 0;
    %assign/vec4/off/d v0x7f941e447dd0_0, 4, 5;
T_3.6 ;
    %jmp T_3.5;
T_3.4 ;
    %load/vec4 v0x7f941e447d30_0;
    %flag_set/vec4 8;
    %jmp/0xz  T_3.8, 8;
    %load/vec4 v0x7f941e4476e0_0;
    %pad/u 3;
    %pushi/vec4 0, 0, 3;
    %cmp/e;
    %flag_get/vec4 4;
    %load/vec4 v0x7f941e4477a0_0;
    %pad/u 3;
    %pushi/vec4 0, 0, 3;
    %cmp/e;
    %flag_get/vec4 4;
    %and;
    %load/vec4 v0x7f941e447a30_0;
    %pad/u 3;
    %pushi/vec4 0, 0, 3;
    %cmp/e;
    %flag_get/vec4 4;
    %and;
    %load/vec4 v0x7f941e447ae0_0;
    %pad/u 3;
    %pushi/vec4 1, 0, 3;
    %cmp/e;
    %flag_get/vec4 4;
    %and;
    %flag_set/vec4 8;
    %jmp/0xz  T_3.10, 8;
    %load/vec4 v0x7f941e447980_0;
    %ix/load 4, 32, 0;
    %ix/load 5, 0, 0;
    %flag_set/imm 4, 0;
    %assign/vec4/off/d v0x7f941e447dd0_0, 4, 5;
T_3.10 ;
    %jmp T_3.9;
T_3.8 ;
    %load/vec4 v0x7f941e447f60_0;
    %flag_set/vec4 8;
    %jmp/0xz  T_3.12, 8;
    %load/vec4 v0x7f941e447dd0_0;
    %parti/s 32, 160, 9;
    %ix/load 4, 32, 0;
    %ix/load 5, 0, 0;
    %flag_set/imm 4, 0;
    %assign/vec4/off/d v0x7f941e447dd0_0, 4, 5;
    %jmp T_3.13;
T_3.12 ;
    %load/vec4 v0x7f941e448000_0;
    %flag_set/vec4 8;
    %jmp/0xz  T_3.14, 8;
    %load/vec4 v0x7f941e447dd0_0;
    %parti/s 32, 288, 10;
    %ix/load 4, 32, 0;
    %ix/load 5, 0, 0;
    %flag_set/imm 4, 0;
    %assign/vec4/off/d v0x7f941e447dd0_0, 4, 5;
T_3.14 ;
T_3.13 ;
T_3.9 ;
T_3.5 ;
T_3.3 ;
T_3.1 ;
    %jmp T_3;
    .thread T_3;
    .scope S_0x7f941e435540;
T_4 ;
    %pushi/vec4 0, 0, 32;
    %ix/load 4, 64, 0;
    %ix/load 5, 0, 0;
    %flag_set/imm 4, 0;
    %assign/vec4/off/d v0x7f941e447dd0_0, 4, 5;
    %end;
    .thread T_4;
    .scope S_0x7f941e435540;
T_5 ;
    %wait E_0x7f941e432130;
    %load/vec4 v0x7f941e447ec0_0;
    %nor/r;
    %flag_set/vec4 8;
    %jmp/0xz  T_5.0, 8;
    %pushi/vec4 0, 0, 32;
    %ix/load 4, 64, 0;
    %ix/load 5, 0, 0;
    %flag_set/imm 4, 0;
    %assign/vec4/off/d v0x7f941e447dd0_0, 4, 5;
    %jmp T_5.1;
T_5.0 ;
    %load/vec4 v0x7f941e447b90_0;
    %flag_set/vec4 8;
    %jmp/0xz  T_5.2, 8;
    %load/vec4 v0x7f941e447850_0;
    %parti/s 32, 64, 8;
    %ix/load 4, 64, 0;
    %ix/load 5, 0, 0;
    %flag_set/imm 4, 0;
    %assign/vec4/off/d v0x7f941e447dd0_0, 4, 5;
    %jmp T_5.3;
T_5.2 ;
    %load/vec4 v0x7f941e447ca0_0;
    %flag_set/vec4 8;
    %jmp/0xz  T_5.4, 8;
    %load/vec4 v0x7f941e4476e0_0;
    %pad/u 3;
    %pushi/vec4 0, 0, 3;
    %cmp/e;
    %flag_get/vec4 4;
    %load/vec4 v0x7f941e4477a0_0;
    %pad/u 3;
    %pushi/vec4 0, 0, 3;
    %cmp/e;
    %flag_get/vec4 4;
    %and;
    %flag_set/vec4 8;
    %jmp/0xz  T_5.6, 8;
    %load/vec4 v0x7f941e447610_0;
    %parti/s 32, 64, 8;
    %ix/load 4, 64, 0;
    %ix/load 5, 0, 0;
    %flag_set/imm 4, 0;
    %assign/vec4/off/d v0x7f941e447dd0_0, 4, 5;
T_5.6 ;
    %jmp T_5.5;
T_5.4 ;
    %load/vec4 v0x7f941e447d30_0;
    %flag_set/vec4 8;
    %jmp/0xz  T_5.8, 8;
    %load/vec4 v0x7f941e4476e0_0;
    %pad/u 3;
    %pushi/vec4 0, 0, 3;
    %cmp/e;
    %flag_get/vec4 4;
    %load/vec4 v0x7f941e4477a0_0;
    %pad/u 3;
    %pushi/vec4 0, 0, 3;
    %cmp/e;
    %flag_get/vec4 4;
    %and;
    %load/vec4 v0x7f941e447a30_0;
    %pad/u 3;
    %pushi/vec4 1, 0, 3;
    %cmp/e;
    %flag_get/vec4 4;
    %and;
    %load/vec4 v0x7f941e447ae0_0;
    %pad/u 3;
    %pushi/vec4 0, 0, 3;
    %cmp/e;
    %flag_get/vec4 4;
    %and;
    %flag_set/vec4 8;
    %jmp/0xz  T_5.10, 8;
    %load/vec4 v0x7f941e447980_0;
    %ix/load 4, 64, 0;
    %ix/load 5, 0, 0;
    %flag_set/imm 4, 0;
    %assign/vec4/off/d v0x7f941e447dd0_0, 4, 5;
T_5.10 ;
    %jmp T_5.9;
T_5.8 ;
    %load/vec4 v0x7f941e447f60_0;
    %flag_set/vec4 8;
    %jmp/0xz  T_5.12, 8;
    %load/vec4 v0x7f941e447dd0_0;
    %parti/s 32, 192, 9;
    %ix/load 4, 64, 0;
    %ix/load 5, 0, 0;
    %flag_set/imm 4, 0;
    %assign/vec4/off/d v0x7f941e447dd0_0, 4, 5;
    %jmp T_5.13;
T_5.12 ;
    %load/vec4 v0x7f941e448000_0;
    %flag_set/vec4 8;
    %jmp/0xz  T_5.14, 8;
    %load/vec4 v0x7f941e447dd0_0;
    %parti/s 32, 320, 10;
    %ix/load 4, 64, 0;
    %ix/load 5, 0, 0;
    %flag_set/imm 4, 0;
    %assign/vec4/off/d v0x7f941e447dd0_0, 4, 5;
T_5.14 ;
T_5.13 ;
T_5.9 ;
T_5.5 ;
T_5.3 ;
T_5.1 ;
    %jmp T_5;
    .thread T_5;
    .scope S_0x7f941e4356b0;
T_6 ;
    %pushi/vec4 0, 0, 32;
    %ix/load 4, 96, 0;
    %ix/load 5, 0, 0;
    %flag_set/imm 4, 0;
    %assign/vec4/off/d v0x7f941e447dd0_0, 4, 5;
    %end;
    .thread T_6;
    .scope S_0x7f941e4356b0;
T_7 ;
    %wait E_0x7f941e432130;
    %load/vec4 v0x7f941e447ec0_0;
    %nor/r;
    %flag_set/vec4 8;
    %jmp/0xz  T_7.0, 8;
    %pushi/vec4 0, 0, 32;
    %ix/load 4, 96, 0;
    %ix/load 5, 0, 0;
    %flag_set/imm 4, 0;
    %assign/vec4/off/d v0x7f941e447dd0_0, 4, 5;
    %jmp T_7.1;
T_7.0 ;
    %load/vec4 v0x7f941e447b90_0;
    %flag_set/vec4 8;
    %jmp/0xz  T_7.2, 8;
    %load/vec4 v0x7f941e447850_0;
    %parti/s 32, 96, 8;
    %ix/load 4, 96, 0;
    %ix/load 5, 0, 0;
    %flag_set/imm 4, 0;
    %assign/vec4/off/d v0x7f941e447dd0_0, 4, 5;
    %jmp T_7.3;
T_7.2 ;
    %load/vec4 v0x7f941e447ca0_0;
    %flag_set/vec4 8;
    %jmp/0xz  T_7.4, 8;
    %load/vec4 v0x7f941e4476e0_0;
    %pad/u 3;
    %pushi/vec4 0, 0, 3;
    %cmp/e;
    %flag_get/vec4 4;
    %load/vec4 v0x7f941e4477a0_0;
    %pad/u 3;
    %pushi/vec4 0, 0, 3;
    %cmp/e;
    %flag_get/vec4 4;
    %and;
    %flag_set/vec4 8;
    %jmp/0xz  T_7.6, 8;
    %load/vec4 v0x7f941e447610_0;
    %parti/s 32, 96, 8;
    %ix/load 4, 96, 0;
    %ix/load 5, 0, 0;
    %flag_set/imm 4, 0;
    %assign/vec4/off/d v0x7f941e447dd0_0, 4, 5;
T_7.6 ;
    %jmp T_7.5;
T_7.4 ;
    %load/vec4 v0x7f941e447d30_0;
    %flag_set/vec4 8;
    %jmp/0xz  T_7.8, 8;
    %load/vec4 v0x7f941e4476e0_0;
    %pad/u 3;
    %pushi/vec4 0, 0, 3;
    %cmp/e;
    %flag_get/vec4 4;
    %load/vec4 v0x7f941e4477a0_0;
    %pad/u 3;
    %pushi/vec4 0, 0, 3;
    %cmp/e;
    %flag_get/vec4 4;
    %and;
    %load/vec4 v0x7f941e447a30_0;
    %pad/u 3;
    %pushi/vec4 1, 0, 3;
    %cmp/e;
    %flag_get/vec4 4;
    %and;
    %load/vec4 v0x7f941e447ae0_0;
    %pad/u 3;
    %pushi/vec4 1, 0, 3;
    %cmp/e;
    %flag_get/vec4 4;
    %and;
    %flag_set/vec4 8;
    %jmp/0xz  T_7.10, 8;
    %load/vec4 v0x7f941e447980_0;
    %ix/load 4, 96, 0;
    %ix/load 5, 0, 0;
    %flag_set/imm 4, 0;
    %assign/vec4/off/d v0x7f941e447dd0_0, 4, 5;
T_7.10 ;
    %jmp T_7.9;
T_7.8 ;
    %load/vec4 v0x7f941e447f60_0;
    %flag_set/vec4 8;
    %jmp/0xz  T_7.12, 8;
    %load/vec4 v0x7f941e447dd0_0;
    %parti/s 32, 224, 9;
    %ix/load 4, 96, 0;
    %ix/load 5, 0, 0;
    %flag_set/imm 4, 0;
    %assign/vec4/off/d v0x7f941e447dd0_0, 4, 5;
    %jmp T_7.13;
T_7.12 ;
    %load/vec4 v0x7f941e448000_0;
    %flag_set/vec4 8;
    %jmp/0xz  T_7.14, 8;
    %load/vec4 v0x7f941e447dd0_0;
    %parti/s 32, 352, 10;
    %ix/load 4, 96, 0;
    %ix/load 5, 0, 0;
    %flag_set/imm 4, 0;
    %assign/vec4/off/d v0x7f941e447dd0_0, 4, 5;
T_7.14 ;
T_7.13 ;
T_7.9 ;
T_7.5 ;
T_7.3 ;
T_7.1 ;
    %jmp T_7;
    .thread T_7;
    .scope S_0x7f941e435b00;
T_8 ;
    %pushi/vec4 0, 0, 32;
    %ix/load 4, 128, 0;
    %ix/load 5, 0, 0;
    %flag_set/imm 4, 0;
    %assign/vec4/off/d v0x7f941e447dd0_0, 4, 5;
    %end;
    .thread T_8;
    .scope S_0x7f941e435b00;
T_9 ;
    %wait E_0x7f941e432130;
    %load/vec4 v0x7f941e447ec0_0;
    %nor/r;
    %flag_set/vec4 8;
    %jmp/0xz  T_9.0, 8;
    %pushi/vec4 0, 0, 32;
    %ix/load 4, 128, 0;
    %ix/load 5, 0, 0;
    %flag_set/imm 4, 0;
    %assign/vec4/off/d v0x7f941e447dd0_0, 4, 5;
    %jmp T_9.1;
T_9.0 ;
    %load/vec4 v0x7f941e447b90_0;
    %flag_set/vec4 8;
    %jmp/0xz  T_9.2, 8;
    %load/vec4 v0x7f941e447850_0;
    %parti/s 32, 128, 9;
    %ix/load 4, 128, 0;
    %ix/load 5, 0, 0;
    %flag_set/imm 4, 0;
    %assign/vec4/off/d v0x7f941e447dd0_0, 4, 5;
    %jmp T_9.3;
T_9.2 ;
    %load/vec4 v0x7f941e447ca0_0;
    %flag_set/vec4 8;
    %jmp/0xz  T_9.4, 8;
    %load/vec4 v0x7f941e4476e0_0;
    %pad/u 3;
    %pushi/vec4 0, 0, 3;
    %cmp/e;
    %flag_get/vec4 4;
    %load/vec4 v0x7f941e4477a0_0;
    %pad/u 3;
    %pushi/vec4 1, 0, 3;
    %cmp/e;
    %flag_get/vec4 4;
    %and;
    %flag_set/vec4 8;
    %jmp/0xz  T_9.6, 8;
    %load/vec4 v0x7f941e447610_0;
    %parti/s 32, 0, 2;
    %ix/load 4, 128, 0;
    %ix/load 5, 0, 0;
    %flag_set/imm 4, 0;
    %assign/vec4/off/d v0x7f941e447dd0_0, 4, 5;
T_9.6 ;
    %jmp T_9.5;
T_9.4 ;
    %load/vec4 v0x7f941e447d30_0;
    %flag_set/vec4 8;
    %jmp/0xz  T_9.8, 8;
    %load/vec4 v0x7f941e4476e0_0;
    %pad/u 3;
    %pushi/vec4 0, 0, 3;
    %cmp/e;
    %flag_get/vec4 4;
    %load/vec4 v0x7f941e4477a0_0;
    %pad/u 3;
    %pushi/vec4 1, 0, 3;
    %cmp/e;
    %flag_get/vec4 4;
    %and;
    %load/vec4 v0x7f941e447a30_0;
    %pad/u 3;
    %pushi/vec4 0, 0, 3;
    %cmp/e;
    %flag_get/vec4 4;
    %and;
    %load/vec4 v0x7f941e447ae0_0;
    %pad/u 3;
    %pushi/vec4 0, 0, 3;
    %cmp/e;
    %flag_get/vec4 4;
    %and;
    %flag_set/vec4 8;
    %jmp/0xz  T_9.10, 8;
    %load/vec4 v0x7f941e447980_0;
    %ix/load 4, 128, 0;
    %ix/load 5, 0, 0;
    %flag_set/imm 4, 0;
    %assign/vec4/off/d v0x7f941e447dd0_0, 4, 5;
T_9.10 ;
    %jmp T_9.9;
T_9.8 ;
    %load/vec4 v0x7f941e447f60_0;
    %flag_set/vec4 8;
    %jmp/0xz  T_9.12, 8;
    %load/vec4 v0x7f941e447dd0_0;
    %parti/s 32, 0, 2;
    %ix/load 4, 128, 0;
    %ix/load 5, 0, 0;
    %flag_set/imm 4, 0;
    %assign/vec4/off/d v0x7f941e447dd0_0, 4, 5;
    %jmp T_9.13;
T_9.12 ;
    %load/vec4 v0x7f941e448000_0;
    %flag_set/vec4 8;
    %jmp/0xz  T_9.14, 8;
    %load/vec4 v0x7f941e447dd0_0;
    %parti/s 32, 384, 10;
    %ix/load 4, 128, 0;
    %ix/load 5, 0, 0;
    %flag_set/imm 4, 0;
    %assign/vec4/off/d v0x7f941e447dd0_0, 4, 5;
T_9.14 ;
T_9.13 ;
T_9.9 ;
T_9.5 ;
T_9.3 ;
T_9.1 ;
    %jmp T_9;
    .thread T_9;
    .scope S_0x7f941e435c70;
T_10 ;
    %pushi/vec4 0, 0, 32;
    %ix/load 4, 160, 0;
    %ix/load 5, 0, 0;
    %flag_set/imm 4, 0;
    %assign/vec4/off/d v0x7f941e447dd0_0, 4, 5;
    %end;
    .thread T_10;
    .scope S_0x7f941e435c70;
T_11 ;
    %wait E_0x7f941e432130;
    %load/vec4 v0x7f941e447ec0_0;
    %nor/r;
    %flag_set/vec4 8;
    %jmp/0xz  T_11.0, 8;
    %pushi/vec4 0, 0, 32;
    %ix/load 4, 160, 0;
    %ix/load 5, 0, 0;
    %flag_set/imm 4, 0;
    %assign/vec4/off/d v0x7f941e447dd0_0, 4, 5;
    %jmp T_11.1;
T_11.0 ;
    %load/vec4 v0x7f941e447b90_0;
    %flag_set/vec4 8;
    %jmp/0xz  T_11.2, 8;
    %load/vec4 v0x7f941e447850_0;
    %parti/s 32, 160, 9;
    %ix/load 4, 160, 0;
    %ix/load 5, 0, 0;
    %flag_set/imm 4, 0;
    %assign/vec4/off/d v0x7f941e447dd0_0, 4, 5;
    %jmp T_11.3;
T_11.2 ;
    %load/vec4 v0x7f941e447ca0_0;
    %flag_set/vec4 8;
    %jmp/0xz  T_11.4, 8;
    %load/vec4 v0x7f941e4476e0_0;
    %pad/u 3;
    %pushi/vec4 0, 0, 3;
    %cmp/e;
    %flag_get/vec4 4;
    %load/vec4 v0x7f941e4477a0_0;
    %pad/u 3;
    %pushi/vec4 1, 0, 3;
    %cmp/e;
    %flag_get/vec4 4;
    %and;
    %flag_set/vec4 8;
    %jmp/0xz  T_11.6, 8;
    %load/vec4 v0x7f941e447610_0;
    %parti/s 32, 32, 7;
    %ix/load 4, 160, 0;
    %ix/load 5, 0, 0;
    %flag_set/imm 4, 0;
    %assign/vec4/off/d v0x7f941e447dd0_0, 4, 5;
T_11.6 ;
    %jmp T_11.5;
T_11.4 ;
    %load/vec4 v0x7f941e447d30_0;
    %flag_set/vec4 8;
    %jmp/0xz  T_11.8, 8;
    %load/vec4 v0x7f941e4476e0_0;
    %pad/u 3;
    %pushi/vec4 0, 0, 3;
    %cmp/e;
    %flag_get/vec4 4;
    %load/vec4 v0x7f941e4477a0_0;
    %pad/u 3;
    %pushi/vec4 1, 0, 3;
    %cmp/e;
    %flag_get/vec4 4;
    %and;
    %load/vec4 v0x7f941e447a30_0;
    %pad/u 3;
    %pushi/vec4 0, 0, 3;
    %cmp/e;
    %flag_get/vec4 4;
    %and;
    %load/vec4 v0x7f941e447ae0_0;
    %pad/u 3;
    %pushi/vec4 1, 0, 3;
    %cmp/e;
    %flag_get/vec4 4;
    %and;
    %flag_set/vec4 8;
    %jmp/0xz  T_11.10, 8;
    %load/vec4 v0x7f941e447980_0;
    %ix/load 4, 160, 0;
    %ix/load 5, 0, 0;
    %flag_set/imm 4, 0;
    %assign/vec4/off/d v0x7f941e447dd0_0, 4, 5;
T_11.10 ;
    %jmp T_11.9;
T_11.8 ;
    %load/vec4 v0x7f941e447f60_0;
    %flag_set/vec4 8;
    %jmp/0xz  T_11.12, 8;
    %load/vec4 v0x7f941e447dd0_0;
    %parti/s 32, 32, 7;
    %ix/load 4, 160, 0;
    %ix/load 5, 0, 0;
    %flag_set/imm 4, 0;
    %assign/vec4/off/d v0x7f941e447dd0_0, 4, 5;
    %jmp T_11.13;
T_11.12 ;
    %load/vec4 v0x7f941e448000_0;
    %flag_set/vec4 8;
    %jmp/0xz  T_11.14, 8;
    %load/vec4 v0x7f941e447dd0_0;
    %parti/s 32, 416, 10;
    %ix/load 4, 160, 0;
    %ix/load 5, 0, 0;
    %flag_set/imm 4, 0;
    %assign/vec4/off/d v0x7f941e447dd0_0, 4, 5;
T_11.14 ;
T_11.13 ;
T_11.9 ;
T_11.5 ;
T_11.3 ;
T_11.1 ;
    %jmp T_11;
    .thread T_11;
    .scope S_0x7f941e435f50;
T_12 ;
    %pushi/vec4 0, 0, 32;
    %ix/load 4, 192, 0;
    %ix/load 5, 0, 0;
    %flag_set/imm 4, 0;
    %assign/vec4/off/d v0x7f941e447dd0_0, 4, 5;
    %end;
    .thread T_12;
    .scope S_0x7f941e435f50;
T_13 ;
    %wait E_0x7f941e432130;
    %load/vec4 v0x7f941e447ec0_0;
    %nor/r;
    %flag_set/vec4 8;
    %jmp/0xz  T_13.0, 8;
    %pushi/vec4 0, 0, 32;
    %ix/load 4, 192, 0;
    %ix/load 5, 0, 0;
    %flag_set/imm 4, 0;
    %assign/vec4/off/d v0x7f941e447dd0_0, 4, 5;
    %jmp T_13.1;
T_13.0 ;
    %load/vec4 v0x7f941e447b90_0;
    %flag_set/vec4 8;
    %jmp/0xz  T_13.2, 8;
    %load/vec4 v0x7f941e447850_0;
    %parti/s 32, 192, 9;
    %ix/load 4, 192, 0;
    %ix/load 5, 0, 0;
    %flag_set/imm 4, 0;
    %assign/vec4/off/d v0x7f941e447dd0_0, 4, 5;
    %jmp T_13.3;
T_13.2 ;
    %load/vec4 v0x7f941e447ca0_0;
    %flag_set/vec4 8;
    %jmp/0xz  T_13.4, 8;
    %load/vec4 v0x7f941e4476e0_0;
    %pad/u 3;
    %pushi/vec4 0, 0, 3;
    %cmp/e;
    %flag_get/vec4 4;
    %load/vec4 v0x7f941e4477a0_0;
    %pad/u 3;
    %pushi/vec4 1, 0, 3;
    %cmp/e;
    %flag_get/vec4 4;
    %and;
    %flag_set/vec4 8;
    %jmp/0xz  T_13.6, 8;
    %load/vec4 v0x7f941e447610_0;
    %parti/s 32, 64, 8;
    %ix/load 4, 192, 0;
    %ix/load 5, 0, 0;
    %flag_set/imm 4, 0;
    %assign/vec4/off/d v0x7f941e447dd0_0, 4, 5;
T_13.6 ;
    %jmp T_13.5;
T_13.4 ;
    %load/vec4 v0x7f941e447d30_0;
    %flag_set/vec4 8;
    %jmp/0xz  T_13.8, 8;
    %load/vec4 v0x7f941e4476e0_0;
    %pad/u 3;
    %pushi/vec4 0, 0, 3;
    %cmp/e;
    %flag_get/vec4 4;
    %load/vec4 v0x7f941e4477a0_0;
    %pad/u 3;
    %pushi/vec4 1, 0, 3;
    %cmp/e;
    %flag_get/vec4 4;
    %and;
    %load/vec4 v0x7f941e447a30_0;
    %pad/u 3;
    %pushi/vec4 1, 0, 3;
    %cmp/e;
    %flag_get/vec4 4;
    %and;
    %load/vec4 v0x7f941e447ae0_0;
    %pad/u 3;
    %pushi/vec4 0, 0, 3;
    %cmp/e;
    %flag_get/vec4 4;
    %and;
    %flag_set/vec4 8;
    %jmp/0xz  T_13.10, 8;
    %load/vec4 v0x7f941e447980_0;
    %ix/load 4, 192, 0;
    %ix/load 5, 0, 0;
    %flag_set/imm 4, 0;
    %assign/vec4/off/d v0x7f941e447dd0_0, 4, 5;
T_13.10 ;
    %jmp T_13.9;
T_13.8 ;
    %load/vec4 v0x7f941e447f60_0;
    %flag_set/vec4 8;
    %jmp/0xz  T_13.12, 8;
    %load/vec4 v0x7f941e447dd0_0;
    %parti/s 32, 64, 8;
    %ix/load 4, 192, 0;
    %ix/load 5, 0, 0;
    %flag_set/imm 4, 0;
    %assign/vec4/off/d v0x7f941e447dd0_0, 4, 5;
    %jmp T_13.13;
T_13.12 ;
    %load/vec4 v0x7f941e448000_0;
    %flag_set/vec4 8;
    %jmp/0xz  T_13.14, 8;
    %load/vec4 v0x7f941e447dd0_0;
    %parti/s 32, 448, 10;
    %ix/load 4, 192, 0;
    %ix/load 5, 0, 0;
    %flag_set/imm 4, 0;
    %assign/vec4/off/d v0x7f941e447dd0_0, 4, 5;
T_13.14 ;
T_13.13 ;
T_13.9 ;
T_13.5 ;
T_13.3 ;
T_13.1 ;
    %jmp T_13;
    .thread T_13;
    .scope S_0x7f941e4360c0;
T_14 ;
    %pushi/vec4 0, 0, 32;
    %ix/load 4, 224, 0;
    %ix/load 5, 0, 0;
    %flag_set/imm 4, 0;
    %assign/vec4/off/d v0x7f941e447dd0_0, 4, 5;
    %end;
    .thread T_14;
    .scope S_0x7f941e4360c0;
T_15 ;
    %wait E_0x7f941e432130;
    %load/vec4 v0x7f941e447ec0_0;
    %nor/r;
    %flag_set/vec4 8;
    %jmp/0xz  T_15.0, 8;
    %pushi/vec4 0, 0, 32;
    %ix/load 4, 224, 0;
    %ix/load 5, 0, 0;
    %flag_set/imm 4, 0;
    %assign/vec4/off/d v0x7f941e447dd0_0, 4, 5;
    %jmp T_15.1;
T_15.0 ;
    %load/vec4 v0x7f941e447b90_0;
    %flag_set/vec4 8;
    %jmp/0xz  T_15.2, 8;
    %load/vec4 v0x7f941e447850_0;
    %parti/s 32, 224, 9;
    %ix/load 4, 224, 0;
    %ix/load 5, 0, 0;
    %flag_set/imm 4, 0;
    %assign/vec4/off/d v0x7f941e447dd0_0, 4, 5;
    %jmp T_15.3;
T_15.2 ;
    %load/vec4 v0x7f941e447ca0_0;
    %flag_set/vec4 8;
    %jmp/0xz  T_15.4, 8;
    %load/vec4 v0x7f941e4476e0_0;
    %pad/u 3;
    %pushi/vec4 0, 0, 3;
    %cmp/e;
    %flag_get/vec4 4;
    %load/vec4 v0x7f941e4477a0_0;
    %pad/u 3;
    %pushi/vec4 1, 0, 3;
    %cmp/e;
    %flag_get/vec4 4;
    %and;
    %flag_set/vec4 8;
    %jmp/0xz  T_15.6, 8;
    %load/vec4 v0x7f941e447610_0;
    %parti/s 32, 96, 8;
    %ix/load 4, 224, 0;
    %ix/load 5, 0, 0;
    %flag_set/imm 4, 0;
    %assign/vec4/off/d v0x7f941e447dd0_0, 4, 5;
T_15.6 ;
    %jmp T_15.5;
T_15.4 ;
    %load/vec4 v0x7f941e447d30_0;
    %flag_set/vec4 8;
    %jmp/0xz  T_15.8, 8;
    %load/vec4 v0x7f941e4476e0_0;
    %pad/u 3;
    %pushi/vec4 0, 0, 3;
    %cmp/e;
    %flag_get/vec4 4;
    %load/vec4 v0x7f941e4477a0_0;
    %pad/u 3;
    %pushi/vec4 1, 0, 3;
    %cmp/e;
    %flag_get/vec4 4;
    %and;
    %load/vec4 v0x7f941e447a30_0;
    %pad/u 3;
    %pushi/vec4 1, 0, 3;
    %cmp/e;
    %flag_get/vec4 4;
    %and;
    %load/vec4 v0x7f941e447ae0_0;
    %pad/u 3;
    %pushi/vec4 1, 0, 3;
    %cmp/e;
    %flag_get/vec4 4;
    %and;
    %flag_set/vec4 8;
    %jmp/0xz  T_15.10, 8;
    %load/vec4 v0x7f941e447980_0;
    %ix/load 4, 224, 0;
    %ix/load 5, 0, 0;
    %flag_set/imm 4, 0;
    %assign/vec4/off/d v0x7f941e447dd0_0, 4, 5;
T_15.10 ;
    %jmp T_15.9;
T_15.8 ;
    %load/vec4 v0x7f941e447f60_0;
    %flag_set/vec4 8;
    %jmp/0xz  T_15.12, 8;
    %load/vec4 v0x7f941e447dd0_0;
    %parti/s 32, 96, 8;
    %ix/load 4, 224, 0;
    %ix/load 5, 0, 0;
    %flag_set/imm 4, 0;
    %assign/vec4/off/d v0x7f941e447dd0_0, 4, 5;
    %jmp T_15.13;
T_15.12 ;
    %load/vec4 v0x7f941e448000_0;
    %flag_set/vec4 8;
    %jmp/0xz  T_15.14, 8;
    %load/vec4 v0x7f941e447dd0_0;
    %parti/s 32, 480, 10;
    %ix/load 4, 224, 0;
    %ix/load 5, 0, 0;
    %flag_set/imm 4, 0;
    %assign/vec4/off/d v0x7f941e447dd0_0, 4, 5;
T_15.14 ;
T_15.13 ;
T_15.9 ;
T_15.5 ;
T_15.3 ;
T_15.1 ;
    %jmp T_15;
    .thread T_15;
    .scope S_0x7f941e436680;
T_16 ;
    %pushi/vec4 0, 0, 32;
    %ix/load 4, 256, 0;
    %ix/load 5, 0, 0;
    %flag_set/imm 4, 0;
    %assign/vec4/off/d v0x7f941e447dd0_0, 4, 5;
    %end;
    .thread T_16;
    .scope S_0x7f941e436680;
T_17 ;
    %wait E_0x7f941e432130;
    %load/vec4 v0x7f941e447ec0_0;
    %nor/r;
    %flag_set/vec4 8;
    %jmp/0xz  T_17.0, 8;
    %pushi/vec4 0, 0, 32;
    %ix/load 4, 256, 0;
    %ix/load 5, 0, 0;
    %flag_set/imm 4, 0;
    %assign/vec4/off/d v0x7f941e447dd0_0, 4, 5;
    %jmp T_17.1;
T_17.0 ;
    %load/vec4 v0x7f941e447b90_0;
    %flag_set/vec4 8;
    %jmp/0xz  T_17.2, 8;
    %load/vec4 v0x7f941e447850_0;
    %parti/s 32, 256, 10;
    %ix/load 4, 256, 0;
    %ix/load 5, 0, 0;
    %flag_set/imm 4, 0;
    %assign/vec4/off/d v0x7f941e447dd0_0, 4, 5;
    %jmp T_17.3;
T_17.2 ;
    %load/vec4 v0x7f941e447ca0_0;
    %flag_set/vec4 8;
    %jmp/0xz  T_17.4, 8;
    %load/vec4 v0x7f941e4476e0_0;
    %pad/u 3;
    %pushi/vec4 1, 0, 3;
    %cmp/e;
    %flag_get/vec4 4;
    %load/vec4 v0x7f941e4477a0_0;
    %pad/u 3;
    %pushi/vec4 0, 0, 3;
    %cmp/e;
    %flag_get/vec4 4;
    %and;
    %flag_set/vec4 8;
    %jmp/0xz  T_17.6, 8;
    %load/vec4 v0x7f941e447610_0;
    %parti/s 32, 0, 2;
    %ix/load 4, 256, 0;
    %ix/load 5, 0, 0;
    %flag_set/imm 4, 0;
    %assign/vec4/off/d v0x7f941e447dd0_0, 4, 5;
T_17.6 ;
    %jmp T_17.5;
T_17.4 ;
    %load/vec4 v0x7f941e447d30_0;
    %flag_set/vec4 8;
    %jmp/0xz  T_17.8, 8;
    %load/vec4 v0x7f941e4476e0_0;
    %pad/u 3;
    %pushi/vec4 1, 0, 3;
    %cmp/e;
    %flag_get/vec4 4;
    %load/vec4 v0x7f941e4477a0_0;
    %pad/u 3;
    %pushi/vec4 0, 0, 3;
    %cmp/e;
    %flag_get/vec4 4;
    %and;
    %load/vec4 v0x7f941e447a30_0;
    %pad/u 3;
    %pushi/vec4 0, 0, 3;
    %cmp/e;
    %flag_get/vec4 4;
    %and;
    %load/vec4 v0x7f941e447ae0_0;
    %pad/u 3;
    %pushi/vec4 0, 0, 3;
    %cmp/e;
    %flag_get/vec4 4;
    %and;
    %flag_set/vec4 8;
    %jmp/0xz  T_17.10, 8;
    %load/vec4 v0x7f941e447980_0;
    %ix/load 4, 256, 0;
    %ix/load 5, 0, 0;
    %flag_set/imm 4, 0;
    %assign/vec4/off/d v0x7f941e447dd0_0, 4, 5;
T_17.10 ;
    %jmp T_17.9;
T_17.8 ;
    %load/vec4 v0x7f941e447f60_0;
    %flag_set/vec4 8;
    %jmp/0xz  T_17.12, 8;
    %load/vec4 v0x7f941e447dd0_0;
    %parti/s 32, 384, 10;
    %ix/load 4, 256, 0;
    %ix/load 5, 0, 0;
    %flag_set/imm 4, 0;
    %assign/vec4/off/d v0x7f941e447dd0_0, 4, 5;
    %jmp T_17.13;
T_17.12 ;
    %load/vec4 v0x7f941e448000_0;
    %flag_set/vec4 8;
    %jmp/0xz  T_17.14, 8;
    %load/vec4 v0x7f941e447dd0_0;
    %parti/s 32, 0, 2;
    %ix/load 4, 256, 0;
    %ix/load 5, 0, 0;
    %flag_set/imm 4, 0;
    %assign/vec4/off/d v0x7f941e447dd0_0, 4, 5;
T_17.14 ;
T_17.13 ;
T_17.9 ;
T_17.5 ;
T_17.3 ;
T_17.1 ;
    %jmp T_17;
    .thread T_17;
    .scope S_0x7f941e4367f0;
T_18 ;
    %pushi/vec4 0, 0, 32;
    %ix/load 4, 288, 0;
    %ix/load 5, 0, 0;
    %flag_set/imm 4, 0;
    %assign/vec4/off/d v0x7f941e447dd0_0, 4, 5;
    %end;
    .thread T_18;
    .scope S_0x7f941e4367f0;
T_19 ;
    %wait E_0x7f941e432130;
    %load/vec4 v0x7f941e447ec0_0;
    %nor/r;
    %flag_set/vec4 8;
    %jmp/0xz  T_19.0, 8;
    %pushi/vec4 0, 0, 32;
    %ix/load 4, 288, 0;
    %ix/load 5, 0, 0;
    %flag_set/imm 4, 0;
    %assign/vec4/off/d v0x7f941e447dd0_0, 4, 5;
    %jmp T_19.1;
T_19.0 ;
    %load/vec4 v0x7f941e447b90_0;
    %flag_set/vec4 8;
    %jmp/0xz  T_19.2, 8;
    %load/vec4 v0x7f941e447850_0;
    %parti/s 32, 288, 10;
    %ix/load 4, 288, 0;
    %ix/load 5, 0, 0;
    %flag_set/imm 4, 0;
    %assign/vec4/off/d v0x7f941e447dd0_0, 4, 5;
    %jmp T_19.3;
T_19.2 ;
    %load/vec4 v0x7f941e447ca0_0;
    %flag_set/vec4 8;
    %jmp/0xz  T_19.4, 8;
    %load/vec4 v0x7f941e4476e0_0;
    %pad/u 3;
    %pushi/vec4 1, 0, 3;
    %cmp/e;
    %flag_get/vec4 4;
    %load/vec4 v0x7f941e4477a0_0;
    %pad/u 3;
    %pushi/vec4 0, 0, 3;
    %cmp/e;
    %flag_get/vec4 4;
    %and;
    %flag_set/vec4 8;
    %jmp/0xz  T_19.6, 8;
    %load/vec4 v0x7f941e447610_0;
    %parti/s 32, 32, 7;
    %ix/load 4, 288, 0;
    %ix/load 5, 0, 0;
    %flag_set/imm 4, 0;
    %assign/vec4/off/d v0x7f941e447dd0_0, 4, 5;
T_19.6 ;
    %jmp T_19.5;
T_19.4 ;
    %load/vec4 v0x7f941e447d30_0;
    %flag_set/vec4 8;
    %jmp/0xz  T_19.8, 8;
    %load/vec4 v0x7f941e4476e0_0;
    %pad/u 3;
    %pushi/vec4 1, 0, 3;
    %cmp/e;
    %flag_get/vec4 4;
    %load/vec4 v0x7f941e4477a0_0;
    %pad/u 3;
    %pushi/vec4 0, 0, 3;
    %cmp/e;
    %flag_get/vec4 4;
    %and;
    %load/vec4 v0x7f941e447a30_0;
    %pad/u 3;
    %pushi/vec4 0, 0, 3;
    %cmp/e;
    %flag_get/vec4 4;
    %and;
    %load/vec4 v0x7f941e447ae0_0;
    %pad/u 3;
    %pushi/vec4 1, 0, 3;
    %cmp/e;
    %flag_get/vec4 4;
    %and;
    %flag_set/vec4 8;
    %jmp/0xz  T_19.10, 8;
    %load/vec4 v0x7f941e447980_0;
    %ix/load 4, 288, 0;
    %ix/load 5, 0, 0;
    %flag_set/imm 4, 0;
    %assign/vec4/off/d v0x7f941e447dd0_0, 4, 5;
T_19.10 ;
    %jmp T_19.9;
T_19.8 ;
    %load/vec4 v0x7f941e447f60_0;
    %flag_set/vec4 8;
    %jmp/0xz  T_19.12, 8;
    %load/vec4 v0x7f941e447dd0_0;
    %parti/s 32, 416, 10;
    %ix/load 4, 288, 0;
    %ix/load 5, 0, 0;
    %flag_set/imm 4, 0;
    %assign/vec4/off/d v0x7f941e447dd0_0, 4, 5;
    %jmp T_19.13;
T_19.12 ;
    %load/vec4 v0x7f941e448000_0;
    %flag_set/vec4 8;
    %jmp/0xz  T_19.14, 8;
    %load/vec4 v0x7f941e447dd0_0;
    %parti/s 32, 32, 7;
    %ix/load 4, 288, 0;
    %ix/load 5, 0, 0;
    %flag_set/imm 4, 0;
    %assign/vec4/off/d v0x7f941e447dd0_0, 4, 5;
T_19.14 ;
T_19.13 ;
T_19.9 ;
T_19.5 ;
T_19.3 ;
T_19.1 ;
    %jmp T_19;
    .thread T_19;
    .scope S_0x7f941e436ad0;
T_20 ;
    %pushi/vec4 0, 0, 32;
    %ix/load 4, 320, 0;
    %ix/load 5, 0, 0;
    %flag_set/imm 4, 0;
    %assign/vec4/off/d v0x7f941e447dd0_0, 4, 5;
    %end;
    .thread T_20;
    .scope S_0x7f941e436ad0;
T_21 ;
    %wait E_0x7f941e432130;
    %load/vec4 v0x7f941e447ec0_0;
    %nor/r;
    %flag_set/vec4 8;
    %jmp/0xz  T_21.0, 8;
    %pushi/vec4 0, 0, 32;
    %ix/load 4, 320, 0;
    %ix/load 5, 0, 0;
    %flag_set/imm 4, 0;
    %assign/vec4/off/d v0x7f941e447dd0_0, 4, 5;
    %jmp T_21.1;
T_21.0 ;
    %load/vec4 v0x7f941e447b90_0;
    %flag_set/vec4 8;
    %jmp/0xz  T_21.2, 8;
    %load/vec4 v0x7f941e447850_0;
    %parti/s 32, 320, 10;
    %ix/load 4, 320, 0;
    %ix/load 5, 0, 0;
    %flag_set/imm 4, 0;
    %assign/vec4/off/d v0x7f941e447dd0_0, 4, 5;
    %jmp T_21.3;
T_21.2 ;
    %load/vec4 v0x7f941e447ca0_0;
    %flag_set/vec4 8;
    %jmp/0xz  T_21.4, 8;
    %load/vec4 v0x7f941e4476e0_0;
    %pad/u 3;
    %pushi/vec4 1, 0, 3;
    %cmp/e;
    %flag_get/vec4 4;
    %load/vec4 v0x7f941e4477a0_0;
    %pad/u 3;
    %pushi/vec4 0, 0, 3;
    %cmp/e;
    %flag_get/vec4 4;
    %and;
    %flag_set/vec4 8;
    %jmp/0xz  T_21.6, 8;
    %load/vec4 v0x7f941e447610_0;
    %parti/s 32, 64, 8;
    %ix/load 4, 320, 0;
    %ix/load 5, 0, 0;
    %flag_set/imm 4, 0;
    %assign/vec4/off/d v0x7f941e447dd0_0, 4, 5;
T_21.6 ;
    %jmp T_21.5;
T_21.4 ;
    %load/vec4 v0x7f941e447d30_0;
    %flag_set/vec4 8;
    %jmp/0xz  T_21.8, 8;
    %load/vec4 v0x7f941e4476e0_0;
    %pad/u 3;
    %pushi/vec4 1, 0, 3;
    %cmp/e;
    %flag_get/vec4 4;
    %load/vec4 v0x7f941e4477a0_0;
    %pad/u 3;
    %pushi/vec4 0, 0, 3;
    %cmp/e;
    %flag_get/vec4 4;
    %and;
    %load/vec4 v0x7f941e447a30_0;
    %pad/u 3;
    %pushi/vec4 1, 0, 3;
    %cmp/e;
    %flag_get/vec4 4;
    %and;
    %load/vec4 v0x7f941e447ae0_0;
    %pad/u 3;
    %pushi/vec4 0, 0, 3;
    %cmp/e;
    %flag_get/vec4 4;
    %and;
    %flag_set/vec4 8;
    %jmp/0xz  T_21.10, 8;
    %load/vec4 v0x7f941e447980_0;
    %ix/load 4, 320, 0;
    %ix/load 5, 0, 0;
    %flag_set/imm 4, 0;
    %assign/vec4/off/d v0x7f941e447dd0_0, 4, 5;
T_21.10 ;
    %jmp T_21.9;
T_21.8 ;
    %load/vec4 v0x7f941e447f60_0;
    %flag_set/vec4 8;
    %jmp/0xz  T_21.12, 8;
    %load/vec4 v0x7f941e447dd0_0;
    %parti/s 32, 448, 10;
    %ix/load 4, 320, 0;
    %ix/load 5, 0, 0;
    %flag_set/imm 4, 0;
    %assign/vec4/off/d v0x7f941e447dd0_0, 4, 5;
    %jmp T_21.13;
T_21.12 ;
    %load/vec4 v0x7f941e448000_0;
    %flag_set/vec4 8;
    %jmp/0xz  T_21.14, 8;
    %load/vec4 v0x7f941e447dd0_0;
    %parti/s 32, 64, 8;
    %ix/load 4, 320, 0;
    %ix/load 5, 0, 0;
    %flag_set/imm 4, 0;
    %assign/vec4/off/d v0x7f941e447dd0_0, 4, 5;
T_21.14 ;
T_21.13 ;
T_21.9 ;
T_21.5 ;
T_21.3 ;
T_21.1 ;
    %jmp T_21;
    .thread T_21;
    .scope S_0x7f941e436c40;
T_22 ;
    %pushi/vec4 0, 0, 32;
    %ix/load 4, 352, 0;
    %ix/load 5, 0, 0;
    %flag_set/imm 4, 0;
    %assign/vec4/off/d v0x7f941e447dd0_0, 4, 5;
    %end;
    .thread T_22;
    .scope S_0x7f941e436c40;
T_23 ;
    %wait E_0x7f941e432130;
    %load/vec4 v0x7f941e447ec0_0;
    %nor/r;
    %flag_set/vec4 8;
    %jmp/0xz  T_23.0, 8;
    %pushi/vec4 0, 0, 32;
    %ix/load 4, 352, 0;
    %ix/load 5, 0, 0;
    %flag_set/imm 4, 0;
    %assign/vec4/off/d v0x7f941e447dd0_0, 4, 5;
    %jmp T_23.1;
T_23.0 ;
    %load/vec4 v0x7f941e447b90_0;
    %flag_set/vec4 8;
    %jmp/0xz  T_23.2, 8;
    %load/vec4 v0x7f941e447850_0;
    %parti/s 32, 352, 10;
    %ix/load 4, 352, 0;
    %ix/load 5, 0, 0;
    %flag_set/imm 4, 0;
    %assign/vec4/off/d v0x7f941e447dd0_0, 4, 5;
    %jmp T_23.3;
T_23.2 ;
    %load/vec4 v0x7f941e447ca0_0;
    %flag_set/vec4 8;
    %jmp/0xz  T_23.4, 8;
    %load/vec4 v0x7f941e4476e0_0;
    %pad/u 3;
    %pushi/vec4 1, 0, 3;
    %cmp/e;
    %flag_get/vec4 4;
    %load/vec4 v0x7f941e4477a0_0;
    %pad/u 3;
    %pushi/vec4 0, 0, 3;
    %cmp/e;
    %flag_get/vec4 4;
    %and;
    %flag_set/vec4 8;
    %jmp/0xz  T_23.6, 8;
    %load/vec4 v0x7f941e447610_0;
    %parti/s 32, 96, 8;
    %ix/load 4, 352, 0;
    %ix/load 5, 0, 0;
    %flag_set/imm 4, 0;
    %assign/vec4/off/d v0x7f941e447dd0_0, 4, 5;
T_23.6 ;
    %jmp T_23.5;
T_23.4 ;
    %load/vec4 v0x7f941e447d30_0;
    %flag_set/vec4 8;
    %jmp/0xz  T_23.8, 8;
    %load/vec4 v0x7f941e4476e0_0;
    %pad/u 3;
    %pushi/vec4 1, 0, 3;
    %cmp/e;
    %flag_get/vec4 4;
    %load/vec4 v0x7f941e4477a0_0;
    %pad/u 3;
    %pushi/vec4 0, 0, 3;
    %cmp/e;
    %flag_get/vec4 4;
    %and;
    %load/vec4 v0x7f941e447a30_0;
    %pad/u 3;
    %pushi/vec4 1, 0, 3;
    %cmp/e;
    %flag_get/vec4 4;
    %and;
    %load/vec4 v0x7f941e447ae0_0;
    %pad/u 3;
    %pushi/vec4 1, 0, 3;
    %cmp/e;
    %flag_get/vec4 4;
    %and;
    %flag_set/vec4 8;
    %jmp/0xz  T_23.10, 8;
    %load/vec4 v0x7f941e447980_0;
    %ix/load 4, 352, 0;
    %ix/load 5, 0, 0;
    %flag_set/imm 4, 0;
    %assign/vec4/off/d v0x7f941e447dd0_0, 4, 5;
T_23.10 ;
    %jmp T_23.9;
T_23.8 ;
    %load/vec4 v0x7f941e447f60_0;
    %flag_set/vec4 8;
    %jmp/0xz  T_23.12, 8;
    %load/vec4 v0x7f941e447dd0_0;
    %parti/s 32, 480, 10;
    %ix/load 4, 352, 0;
    %ix/load 5, 0, 0;
    %flag_set/imm 4, 0;
    %assign/vec4/off/d v0x7f941e447dd0_0, 4, 5;
    %jmp T_23.13;
T_23.12 ;
    %load/vec4 v0x7f941e448000_0;
    %flag_set/vec4 8;
    %jmp/0xz  T_23.14, 8;
    %load/vec4 v0x7f941e447dd0_0;
    %parti/s 32, 96, 8;
    %ix/load 4, 352, 0;
    %ix/load 5, 0, 0;
    %flag_set/imm 4, 0;
    %assign/vec4/off/d v0x7f941e447dd0_0, 4, 5;
T_23.14 ;
T_23.13 ;
T_23.9 ;
T_23.5 ;
T_23.3 ;
T_23.1 ;
    %jmp T_23;
    .thread T_23;
    .scope S_0x7f941e4370d0;
T_24 ;
    %pushi/vec4 0, 0, 32;
    %ix/load 4, 384, 0;
    %ix/load 5, 0, 0;
    %flag_set/imm 4, 0;
    %assign/vec4/off/d v0x7f941e447dd0_0, 4, 5;
    %end;
    .thread T_24;
    .scope S_0x7f941e4370d0;
T_25 ;
    %wait E_0x7f941e432130;
    %load/vec4 v0x7f941e447ec0_0;
    %nor/r;
    %flag_set/vec4 8;
    %jmp/0xz  T_25.0, 8;
    %pushi/vec4 0, 0, 32;
    %ix/load 4, 384, 0;
    %ix/load 5, 0, 0;
    %flag_set/imm 4, 0;
    %assign/vec4/off/d v0x7f941e447dd0_0, 4, 5;
    %jmp T_25.1;
T_25.0 ;
    %load/vec4 v0x7f941e447b90_0;
    %flag_set/vec4 8;
    %jmp/0xz  T_25.2, 8;
    %load/vec4 v0x7f941e447850_0;
    %parti/s 32, 384, 10;
    %ix/load 4, 384, 0;
    %ix/load 5, 0, 0;
    %flag_set/imm 4, 0;
    %assign/vec4/off/d v0x7f941e447dd0_0, 4, 5;
    %jmp T_25.3;
T_25.2 ;
    %load/vec4 v0x7f941e447ca0_0;
    %flag_set/vec4 8;
    %jmp/0xz  T_25.4, 8;
    %load/vec4 v0x7f941e4476e0_0;
    %pad/u 3;
    %pushi/vec4 1, 0, 3;
    %cmp/e;
    %flag_get/vec4 4;
    %load/vec4 v0x7f941e4477a0_0;
    %pad/u 3;
    %pushi/vec4 1, 0, 3;
    %cmp/e;
    %flag_get/vec4 4;
    %and;
    %flag_set/vec4 8;
    %jmp/0xz  T_25.6, 8;
    %load/vec4 v0x7f941e447610_0;
    %parti/s 32, 0, 2;
    %ix/load 4, 384, 0;
    %ix/load 5, 0, 0;
    %flag_set/imm 4, 0;
    %assign/vec4/off/d v0x7f941e447dd0_0, 4, 5;
T_25.6 ;
    %jmp T_25.5;
T_25.4 ;
    %load/vec4 v0x7f941e447d30_0;
    %flag_set/vec4 8;
    %jmp/0xz  T_25.8, 8;
    %load/vec4 v0x7f941e4476e0_0;
    %pad/u 3;
    %pushi/vec4 1, 0, 3;
    %cmp/e;
    %flag_get/vec4 4;
    %load/vec4 v0x7f941e4477a0_0;
    %pad/u 3;
    %pushi/vec4 1, 0, 3;
    %cmp/e;
    %flag_get/vec4 4;
    %and;
    %load/vec4 v0x7f941e447a30_0;
    %pad/u 3;
    %pushi/vec4 0, 0, 3;
    %cmp/e;
    %flag_get/vec4 4;
    %and;
    %load/vec4 v0x7f941e447ae0_0;
    %pad/u 3;
    %pushi/vec4 0, 0, 3;
    %cmp/e;
    %flag_get/vec4 4;
    %and;
    %flag_set/vec4 8;
    %jmp/0xz  T_25.10, 8;
    %load/vec4 v0x7f941e447980_0;
    %ix/load 4, 384, 0;
    %ix/load 5, 0, 0;
    %flag_set/imm 4, 0;
    %assign/vec4/off/d v0x7f941e447dd0_0, 4, 5;
T_25.10 ;
    %jmp T_25.9;
T_25.8 ;
    %load/vec4 v0x7f941e447f60_0;
    %flag_set/vec4 8;
    %jmp/0xz  T_25.12, 8;
    %load/vec4 v0x7f941e447dd0_0;
    %parti/s 32, 256, 10;
    %ix/load 4, 384, 0;
    %ix/load 5, 0, 0;
    %flag_set/imm 4, 0;
    %assign/vec4/off/d v0x7f941e447dd0_0, 4, 5;
    %jmp T_25.13;
T_25.12 ;
    %load/vec4 v0x7f941e448000_0;
    %flag_set/vec4 8;
    %jmp/0xz  T_25.14, 8;
    %load/vec4 v0x7f941e447dd0_0;
    %parti/s 32, 128, 9;
    %ix/load 4, 384, 0;
    %ix/load 5, 0, 0;
    %flag_set/imm 4, 0;
    %assign/vec4/off/d v0x7f941e447dd0_0, 4, 5;
T_25.14 ;
T_25.13 ;
T_25.9 ;
T_25.5 ;
T_25.3 ;
T_25.1 ;
    %jmp T_25;
    .thread T_25;
    .scope S_0x7f941e437310;
T_26 ;
    %pushi/vec4 0, 0, 32;
    %ix/load 4, 416, 0;
    %ix/load 5, 0, 0;
    %flag_set/imm 4, 0;
    %assign/vec4/off/d v0x7f941e447dd0_0, 4, 5;
    %end;
    .thread T_26;
    .scope S_0x7f941e437310;
T_27 ;
    %wait E_0x7f941e432130;
    %load/vec4 v0x7f941e447ec0_0;
    %nor/r;
    %flag_set/vec4 8;
    %jmp/0xz  T_27.0, 8;
    %pushi/vec4 0, 0, 32;
    %ix/load 4, 416, 0;
    %ix/load 5, 0, 0;
    %flag_set/imm 4, 0;
    %assign/vec4/off/d v0x7f941e447dd0_0, 4, 5;
    %jmp T_27.1;
T_27.0 ;
    %load/vec4 v0x7f941e447b90_0;
    %flag_set/vec4 8;
    %jmp/0xz  T_27.2, 8;
    %load/vec4 v0x7f941e447850_0;
    %parti/s 32, 416, 10;
    %ix/load 4, 416, 0;
    %ix/load 5, 0, 0;
    %flag_set/imm 4, 0;
    %assign/vec4/off/d v0x7f941e447dd0_0, 4, 5;
    %jmp T_27.3;
T_27.2 ;
    %load/vec4 v0x7f941e447ca0_0;
    %flag_set/vec4 8;
    %jmp/0xz  T_27.4, 8;
    %load/vec4 v0x7f941e4476e0_0;
    %pad/u 3;
    %pushi/vec4 1, 0, 3;
    %cmp/e;
    %flag_get/vec4 4;
    %load/vec4 v0x7f941e4477a0_0;
    %pad/u 3;
    %pushi/vec4 1, 0, 3;
    %cmp/e;
    %flag_get/vec4 4;
    %and;
    %flag_set/vec4 8;
    %jmp/0xz  T_27.6, 8;
    %load/vec4 v0x7f941e447610_0;
    %parti/s 32, 32, 7;
    %ix/load 4, 416, 0;
    %ix/load 5, 0, 0;
    %flag_set/imm 4, 0;
    %assign/vec4/off/d v0x7f941e447dd0_0, 4, 5;
T_27.6 ;
    %jmp T_27.5;
T_27.4 ;
    %load/vec4 v0x7f941e447d30_0;
    %flag_set/vec4 8;
    %jmp/0xz  T_27.8, 8;
    %load/vec4 v0x7f941e4476e0_0;
    %pad/u 3;
    %pushi/vec4 1, 0, 3;
    %cmp/e;
    %flag_get/vec4 4;
    %load/vec4 v0x7f941e4477a0_0;
    %pad/u 3;
    %pushi/vec4 1, 0, 3;
    %cmp/e;
    %flag_get/vec4 4;
    %and;
    %load/vec4 v0x7f941e447a30_0;
    %pad/u 3;
    %pushi/vec4 0, 0, 3;
    %cmp/e;
    %flag_get/vec4 4;
    %and;
    %load/vec4 v0x7f941e447ae0_0;
    %pad/u 3;
    %pushi/vec4 1, 0, 3;
    %cmp/e;
    %flag_get/vec4 4;
    %and;
    %flag_set/vec4 8;
    %jmp/0xz  T_27.10, 8;
    %load/vec4 v0x7f941e447980_0;
    %ix/load 4, 416, 0;
    %ix/load 5, 0, 0;
    %flag_set/imm 4, 0;
    %assign/vec4/off/d v0x7f941e447dd0_0, 4, 5;
T_27.10 ;
    %jmp T_27.9;
T_27.8 ;
    %load/vec4 v0x7f941e447f60_0;
    %flag_set/vec4 8;
    %jmp/0xz  T_27.12, 8;
    %load/vec4 v0x7f941e447dd0_0;
    %parti/s 32, 288, 10;
    %ix/load 4, 416, 0;
    %ix/load 5, 0, 0;
    %flag_set/imm 4, 0;
    %assign/vec4/off/d v0x7f941e447dd0_0, 4, 5;
    %jmp T_27.13;
T_27.12 ;
    %load/vec4 v0x7f941e448000_0;
    %flag_set/vec4 8;
    %jmp/0xz  T_27.14, 8;
    %load/vec4 v0x7f941e447dd0_0;
    %parti/s 32, 160, 9;
    %ix/load 4, 416, 0;
    %ix/load 5, 0, 0;
    %flag_set/imm 4, 0;
    %assign/vec4/off/d v0x7f941e447dd0_0, 4, 5;
T_27.14 ;
T_27.13 ;
T_27.9 ;
T_27.5 ;
T_27.3 ;
T_27.1 ;
    %jmp T_27;
    .thread T_27;
    .scope S_0x7f941e437790;
T_28 ;
    %pushi/vec4 0, 0, 32;
    %ix/load 4, 448, 0;
    %ix/load 5, 0, 0;
    %flag_set/imm 4, 0;
    %assign/vec4/off/d v0x7f941e447dd0_0, 4, 5;
    %end;
    .thread T_28;
    .scope S_0x7f941e437790;
T_29 ;
    %wait E_0x7f941e432130;
    %load/vec4 v0x7f941e447ec0_0;
    %nor/r;
    %flag_set/vec4 8;
    %jmp/0xz  T_29.0, 8;
    %pushi/vec4 0, 0, 32;
    %ix/load 4, 448, 0;
    %ix/load 5, 0, 0;
    %flag_set/imm 4, 0;
    %assign/vec4/off/d v0x7f941e447dd0_0, 4, 5;
    %jmp T_29.1;
T_29.0 ;
    %load/vec4 v0x7f941e447b90_0;
    %flag_set/vec4 8;
    %jmp/0xz  T_29.2, 8;
    %load/vec4 v0x7f941e447850_0;
    %parti/s 32, 448, 10;
    %ix/load 4, 448, 0;
    %ix/load 5, 0, 0;
    %flag_set/imm 4, 0;
    %assign/vec4/off/d v0x7f941e447dd0_0, 4, 5;
    %jmp T_29.3;
T_29.2 ;
    %load/vec4 v0x7f941e447ca0_0;
    %flag_set/vec4 8;
    %jmp/0xz  T_29.4, 8;
    %load/vec4 v0x7f941e4476e0_0;
    %pad/u 3;
    %pushi/vec4 1, 0, 3;
    %cmp/e;
    %flag_get/vec4 4;
    %load/vec4 v0x7f941e4477a0_0;
    %pad/u 3;
    %pushi/vec4 1, 0, 3;
    %cmp/e;
    %flag_get/vec4 4;
    %and;
    %flag_set/vec4 8;
    %jmp/0xz  T_29.6, 8;
    %load/vec4 v0x7f941e447610_0;
    %parti/s 32, 64, 8;
    %ix/load 4, 448, 0;
    %ix/load 5, 0, 0;
    %flag_set/imm 4, 0;
    %assign/vec4/off/d v0x7f941e447dd0_0, 4, 5;
T_29.6 ;
    %jmp T_29.5;
T_29.4 ;
    %load/vec4 v0x7f941e447d30_0;
    %flag_set/vec4 8;
    %jmp/0xz  T_29.8, 8;
    %load/vec4 v0x7f941e4476e0_0;
    %pad/u 3;
    %pushi/vec4 1, 0, 3;
    %cmp/e;
    %flag_get/vec4 4;
    %load/vec4 v0x7f941e4477a0_0;
    %pad/u 3;
    %pushi/vec4 1, 0, 3;
    %cmp/e;
    %flag_get/vec4 4;
    %and;
    %load/vec4 v0x7f941e447a30_0;
    %pad/u 3;
    %pushi/vec4 1, 0, 3;
    %cmp/e;
    %flag_get/vec4 4;
    %and;
    %load/vec4 v0x7f941e447ae0_0;
    %pad/u 3;
    %pushi/vec4 0, 0, 3;
    %cmp/e;
    %flag_get/vec4 4;
    %and;
    %flag_set/vec4 8;
    %jmp/0xz  T_29.10, 8;
    %load/vec4 v0x7f941e447980_0;
    %ix/load 4, 448, 0;
    %ix/load 5, 0, 0;
    %flag_set/imm 4, 0;
    %assign/vec4/off/d v0x7f941e447dd0_0, 4, 5;
T_29.10 ;
    %jmp T_29.9;
T_29.8 ;
    %load/vec4 v0x7f941e447f60_0;
    %flag_set/vec4 8;
    %jmp/0xz  T_29.12, 8;
    %load/vec4 v0x7f941e447dd0_0;
    %parti/s 32, 320, 10;
    %ix/load 4, 448, 0;
    %ix/load 5, 0, 0;
    %flag_set/imm 4, 0;
    %assign/vec4/off/d v0x7f941e447dd0_0, 4, 5;
    %jmp T_29.13;
T_29.12 ;
    %load/vec4 v0x7f941e448000_0;
    %flag_set/vec4 8;
    %jmp/0xz  T_29.14, 8;
    %load/vec4 v0x7f941e447dd0_0;
    %parti/s 32, 192, 9;
    %ix/load 4, 448, 0;
    %ix/load 5, 0, 0;
    %flag_set/imm 4, 0;
    %assign/vec4/off/d v0x7f941e447dd0_0, 4, 5;
T_29.14 ;
T_29.13 ;
T_29.9 ;
T_29.5 ;
T_29.3 ;
T_29.1 ;
    %jmp T_29;
    .thread T_29;
    .scope S_0x7f941e4379d0;
T_30 ;
    %pushi/vec4 0, 0, 32;
    %ix/load 4, 480, 0;
    %ix/load 5, 0, 0;
    %flag_set/imm 4, 0;
    %assign/vec4/off/d v0x7f941e447dd0_0, 4, 5;
    %end;
    .thread T_30;
    .scope S_0x7f941e4379d0;
T_31 ;
    %wait E_0x7f941e432130;
    %load/vec4 v0x7f941e447ec0_0;
    %nor/r;
    %flag_set/vec4 8;
    %jmp/0xz  T_31.0, 8;
    %pushi/vec4 0, 0, 32;
    %ix/load 4, 480, 0;
    %ix/load 5, 0, 0;
    %flag_set/imm 4, 0;
    %assign/vec4/off/d v0x7f941e447dd0_0, 4, 5;
    %jmp T_31.1;
T_31.0 ;
    %load/vec4 v0x7f941e447b90_0;
    %flag_set/vec4 8;
    %jmp/0xz  T_31.2, 8;
    %load/vec4 v0x7f941e447850_0;
    %parti/s 32, 480, 10;
    %ix/load 4, 480, 0;
    %ix/load 5, 0, 0;
    %flag_set/imm 4, 0;
    %assign/vec4/off/d v0x7f941e447dd0_0, 4, 5;
    %jmp T_31.3;
T_31.2 ;
    %load/vec4 v0x7f941e447ca0_0;
    %flag_set/vec4 8;
    %jmp/0xz  T_31.4, 8;
    %load/vec4 v0x7f941e4476e0_0;
    %pad/u 3;
    %pushi/vec4 1, 0, 3;
    %cmp/e;
    %flag_get/vec4 4;
    %load/vec4 v0x7f941e4477a0_0;
    %pad/u 3;
    %pushi/vec4 1, 0, 3;
    %cmp/e;
    %flag_get/vec4 4;
    %and;
    %flag_set/vec4 8;
    %jmp/0xz  T_31.6, 8;
    %load/vec4 v0x7f941e447610_0;
    %parti/s 32, 96, 8;
    %ix/load 4, 480, 0;
    %ix/load 5, 0, 0;
    %flag_set/imm 4, 0;
    %assign/vec4/off/d v0x7f941e447dd0_0, 4, 5;
T_31.6 ;
    %jmp T_31.5;
T_31.4 ;
    %load/vec4 v0x7f941e447d30_0;
    %flag_set/vec4 8;
    %jmp/0xz  T_31.8, 8;
    %load/vec4 v0x7f941e4476e0_0;
    %pad/u 3;
    %pushi/vec4 1, 0, 3;
    %cmp/e;
    %flag_get/vec4 4;
    %load/vec4 v0x7f941e4477a0_0;
    %pad/u 3;
    %pushi/vec4 1, 0, 3;
    %cmp/e;
    %flag_get/vec4 4;
    %and;
    %load/vec4 v0x7f941e447a30_0;
    %pad/u 3;
    %pushi/vec4 1, 0, 3;
    %cmp/e;
    %flag_get/vec4 4;
    %and;
    %load/vec4 v0x7f941e447ae0_0;
    %pad/u 3;
    %pushi/vec4 1, 0, 3;
    %cmp/e;
    %flag_get/vec4 4;
    %and;
    %flag_set/vec4 8;
    %jmp/0xz  T_31.10, 8;
    %load/vec4 v0x7f941e447980_0;
    %ix/load 4, 480, 0;
    %ix/load 5, 0, 0;
    %flag_set/imm 4, 0;
    %assign/vec4/off/d v0x7f941e447dd0_0, 4, 5;
T_31.10 ;
    %jmp T_31.9;
T_31.8 ;
    %load/vec4 v0x7f941e447f60_0;
    %flag_set/vec4 8;
    %jmp/0xz  T_31.12, 8;
    %load/vec4 v0x7f941e447dd0_0;
    %parti/s 32, 352, 10;
    %ix/load 4, 480, 0;
    %ix/load 5, 0, 0;
    %flag_set/imm 4, 0;
    %assign/vec4/off/d v0x7f941e447dd0_0, 4, 5;
    %jmp T_31.13;
T_31.12 ;
    %load/vec4 v0x7f941e448000_0;
    %flag_set/vec4 8;
    %jmp/0xz  T_31.14, 8;
    %load/vec4 v0x7f941e447dd0_0;
    %parti/s 32, 224, 9;
    %ix/load 4, 480, 0;
    %ix/load 5, 0, 0;
    %flag_set/imm 4, 0;
    %assign/vec4/off/d v0x7f941e447dd0_0, 4, 5;
T_31.14 ;
T_31.13 ;
T_31.9 ;
T_31.5 ;
T_31.3 ;
T_31.1 ;
    %jmp T_31;
    .thread T_31;
# The file index is used to find the file name in the following table.
:file_names 3;
    "N/A";
    "<interactive>";
    "registers_with_shift.v";
